00:08:01    16 -->                                                             [tcl] ucliGUI::connect -toolargs -ucligui -toolexe ./simv +UVM_VERBOSITY=UVM_LOW -a vcs.log +UVM_TESTNAME=npu_random_test +ntb_random_seed=1 -cm line+cond+fsm+branch+tgl -cm_dir ./cov/npu_random_test.vdb -cm_name simv +sva_success -pid 78535 -toolin /tmp/vcs_20240907160800_78534_sut541..stdin -toolout /tmp/vcs_20240907160800_78534_sut541..stdout  
00:08:01    17 -->                                                                 [tcl] set ucliGUI::state
00:08:01    18 -->                                                                     [tcl] set dveMisc::dve_log_file 1
00:08:01    19 -->                                                                         [tcl] gui_update_simulator_buttons
00:08:02    20 -->                                                                             [tcl] set ucliGUI::state
00:08:02    21 -->                                                                                 [tcl] ucliCore::getToolPID
00:08:02    22 -->                                                                                     [tcl] synopsys::env hasTB
00:08:02    23 -->                                                                                         [tcl] trigger_hier_stack_context_switch 0
00:08:02    24 -->                                                                                             [tcl] synopsys::xml set_array_limit <data limit="50" />
00:08:02    25 --> ...  [tcl] synopsys::xml set_depth_limit <data limit="100" />
00:08:02    26 --> ...      [tcl] synopsys::xml set_string_limit <data limit="1000" />
00:08:02    27 --> ...          [tcl] synopsys::xml set_only_active_frame <data value="1" />
00:08:02    28 --> ...              [tcl] synopsys::xml set_variable_frame_id <data value="1" />
00:08:02    29 --> ...                  [tcl] synUtils::setDVEInitPhase 1
00:08:02    30 --> ...                      [tcl] gui_get_env SIMSETUP::SIMVPD
00:08:02    31 --> ...                          [tcl] synopsys::dump -type VPD -file /opt/eda/synopsys/vcs-mx/O-2018.09-SP2-1/zzp/NPU/work/inter.vpd -locking
00:08:02    32 --> ...                              [tcl] synopsys::dump -autoflush on -fid VPD0
00:08:02    33 --> ...                                  [tcl] set ::dve_fid VPD0
00:08:02    34 --> ...                                      [tcl] synUtils::setDVEInitPhase 0
00:08:02    35 --> ...                                          [tcl] ucliCore::getToolPID
00:08:02    36 --> ...                                              [tcl] synUtils::sendTool -active _icl_setToolSocket /tmp/smlnpm3QOdP
00:08:02    37 --> ...                                                  [tcl] synUtils::sendTool -active {_icl_start_rpc -version "O-2018.09-SP2-1_Full64" -sync_file /tmp/vcs_dve_rpc.sut541.78535}
00:08:02    38 --> ...                                                      [tcl] synUtils::sendTool -active {_icl_createSharedMemory /tmp/vcs_dve_general.sut541.78535}
00:08:02    39 --> ...                                                          [tcl] dveMisc::vbusExpand _vcs_vmm
00:08:02    40 --> ...                                                              [tcl] config endofsim noexit
00:08:02    41 --> ...                                                                  [tcl] config onfail enable all
00:08:02    42 --> ...                                                                      [tcl] config syscaddplainmembers
00:08:02    43 --> ...                                                                          [tcl] config syscaddsourcenames
00:08:02    44 --> ...                                                                              [tcl] config syscaddstructtypes
00:08:02    45 --> ...                                                                                  [tcl] synopsys::listing -disable
00:08:08    46 --> ...                                                                                      [tcl] dveMisc::vbusExpand npu_tb.u_NPU.npu_controller
00:08:15    47 --> ...                                                                                          [tcl] dveMisc::vbusExpand uvm_pkg
00:08:15    48 --> ...                                                                                              [tcl] dveMisc::vbusExpand _vcs_unit__1961539068
00:08:21    49 --> ...                                                                                                  [tcl] synopsys::dump -add {_vcs_unit__1961539068 npu_tb.u_NPU.npu_controller.S_EXEC npu_tb.u_NPU.npu_controller.S_IDLE npu_tb.u_NPU.npu_controller.S_OVER npu_tb.u_NPU.npu_controller.S_SAVE npu_tb.u_NPU.npu_controller.S_WAIT npu_tb.u_NPU.npu_controller.clear npu_tb.u_NPU.npu_controller.clk npu_tb.u_NPU.npu_controller.curr_state npu_tb.u_NPU.npu_controller.load_finish npu_tb.u_NPU.npu_controller.next_state npu_tb.u_NPU.npu_controller.pe_compute_cnt npu_tb.u_NPU.npu_controller.rd_eop npu_tb.u_NPU.npu_controller.rd_finish npu_tb.u_NPU.npu_controller.rd_sop_0 npu_tb.u_NPU.npu_controller.rd_sop_1 npu_tb.u_NPU.npu_controller.rst_n npu_tb.u_NPU.npu_controller.save_finish npu_tb.u_NPU.npu_controller.save_sop npu_tb.u_NPU.npu_controller.wr_eop_data npu_tb.u_NPU.npu_controller.wr_eop_data_cnt npu_tb.u_NPU.npu_controller.wr_eop_weight npu_tb.u_NPU.npu_controller.wr_eop_weight_cnt } -aggregates  -fid VPD0
00:08:24    50 --> ...  [tcl] run
00:08:24    51 --> ...      [tcl] set ucliGUI::state
00:08:24    52 --> ...          [tcl] gui_update_simulator_buttons
00:08:24    53 --> ...              [tcl] set ucliGUI::state
00:08:24    54 --> ...                  [tcl] set ucliGUI::state
00:08:24    55 --> ...                      [tcl] set ucliGUI::state
00:08:24    56 --> ...                          [tcl] catch {senv activeDomain} dveMisc::result 
00:08:24    57 --> ...                              [tcl] set dveMisc::result
00:08:24    58 --> ...                                  [tcl] gui_update_simulator_buttons
00:08:24    59 --> ...                                      [tcl] synopsys::xml get_stop_data
00:08:24    60 --> ...                                          [tcl] synopsys::xml {frames <data updateType="preserve" itemId="none" viewId="Stack.1" />}
00:08:24    61 --> ...                                              [tcl] dveMisc::vbusExpand {uvm_pkg.\uvm_root::run_test }
00:09:21    62 --> ...                                                  [tcl] if [catch {gui_sim_terminate}] {gui_sim_terminate -kill}
00:09:21    63 --> ...                                                      [tcl] synopsys::finish
00:09:21    64 --> ...                                                          [tcl] set ucliGUI::state
00:09:21    65 --> ...                                                              [tcl] gui_update_simulator_buttons
00:09:21    66 --> ...                                                                  [tcl] set ucliGUI::state
00:09:21    67 --> ...                                                                      [tcl] catch {senv activeDomain} dveMisc::result 
00:09:21    68 --> ...                                                                          [tcl] set dveMisc::result
00:09:21    69 --> ...                                                                              [tcl] gui_update_simulator_buttons
00:09:21    70 --> ...                                                                                  [tcl] catch {senv activeDomain} dveMisc::result 
00:09:21    71 --> ...                                                                                      [tcl] set dveMisc::result
00:09:21    72 --> ...                                                                                          [tcl] ucli_exit
